<?xml version="1.0" encoding="UTF-8"?>
<!-- Generated by org.testng.reporters.JUnitReportReporter -->
<testsuite skipped="0" hostname="ANJIBABU-1VNNF" name="com.auto.testCases.TC_LoginTest_001" tests="2" failures="0" timestamp="16 Sep 2020 10:40:12 GMT" time="86.193" errors="0">
  <testcase name="loginPage" time="43.625" classname="com.auto.testCases.TC_LoginTest_001"/>
  <testcase name="loginPage" time="42.568" classname="com.auto.testCases.TC_LoginTest_001"/>
</testsuite> <!-- com.auto.testCases.TC_LoginTest_001 -->
