<?xml version="1.0" encoding="UTF-8"?>
<!-- Generated by org.testng.reporters.JUnitReportReporter -->
<testsuite skipped="0" hostname="ANJIBABU-1VNNF" name="com.auto.testCases.TC_LoginTest_001" tests="1" failures="0" timestamp="15 Sep 2020 07:33:46 GMT" time="114.040" errors="0">
  <testcase name="loginPage" time="114.040" classname="com.auto.testCases.TC_LoginTest_001"/>
</testsuite> <!-- com.auto.testCases.TC_LoginTest_001 -->
